 ******* Program HYDRUS
 ******* 
 Welcome to HYDRUS-1D                                                    
 Date:  28. 8.    Time:   9:57:37
 Units: L = cm   , T = days , M = mmol 

----------------------------------------------------------
 Time       [T]        0.0000
----------------------------------------------------------
 Sub-region num.                     1
----------------------------------------------------------
 Length   [L]        0.80000E+03  0.19800E+03
 W-volume [L]        0.16760E+03  0.44445E+02
 In-flow  [L/T]      0.00000E+00  0.00000E+00
 h Mean   [L]       -0.42101E+04 -0.29332E+04
 Top Flux [L/T]      0.28422E-01
 Bot Flux [L/T]     -0.17262E-01
----------------------------------------------------------

----------------------------------------------------------
 Time       [T]      767.0000
----------------------------------------------------------
 Sub-region num.                     1
----------------------------------------------------------
 Length   [L]        0.80000E+03  0.19800E+03
 W-volume [L]        0.16377E+03  0.51323E+02
 In-flow  [L/T]     -0.25724E-01 -0.32345E-01
 h Mean   [L]       -0.39785E+03 -0.26278E+03
 Top Flux [L/T]      0.13907E-01
 Bot Flux [L/T]     -0.16984E-02
 WatBalT  [L]        0.55026E+00
 WatBalR  [%]              0.179
----------------------------------------------------------
 
----------------------------------------------------------
 Time       [T]     1534.0000
----------------------------------------------------------
 Sub-region num.                     1
----------------------------------------------------------
 Length   [L]        0.80000E+03  0.19800E+03
 W-volume [L]        0.19126E+03  0.52998E+02
 In-flow  [L/T]     -0.14688E+00 -0.12280E+00
 h Mean   [L]       -0.18504E+03 -0.21482E+03
 Top Flux [L/T]      0.62497E-01
 Bot Flux [L/T]     -0.50832E-01
 WatBalT  [L]        0.89797E+00
 WatBalR  [%]              0.140
----------------------------------------------------------
 
----------------------------------------------------------
 Time       [T]     2301.0000
----------------------------------------------------------
 Sub-region num.                     1
----------------------------------------------------------
 Length   [L]        0.80000E+03  0.19800E+03
 W-volume [L]        0.19009E+03  0.51419E+02
 In-flow  [L/T]     -0.70095E+00 -0.65336E+00
 h Mean   [L]       -0.19919E+03 -0.26921E+03
 Top Flux [L/T]      0.17419E-01
 Bot Flux [L/T]     -0.63835E-01
 WatBalT  [L]        0.14361E+01
 WatBalR  [%]              0.145
----------------------------------------------------------
 
----------------------------------------------------------
 Time       [T]     3068.0000
----------------------------------------------------------
 Sub-region num.                     1
----------------------------------------------------------
 Length   [L]        0.80000E+03  0.19800E+03
 W-volume [L]        0.20159E+03  0.63828E+02
 In-flow  [L/T]     -0.58626E+00 -0.62118E+00
 h Mean   [L]       -0.14790E+03 -0.72260E+02
 Top Flux [L/T]      0.45748E-01
 Bot Flux [L/T]     -0.42730E-01
 WatBalT  [L]        0.20987E+01
 WatBalR  [%]              0.151
----------------------------------------------------------
 
----------------------------------------------------------
 Time       [T]     3835.0000
----------------------------------------------------------
 Sub-region num.                     1
----------------------------------------------------------
 Length   [L]        0.80000E+03  0.19800E+03
 W-volume [L]        0.18565E+03  0.55200E+02
 In-flow  [L/T]     -0.28369E+00 -0.26468E+00
 h Mean   [L]       -0.23825E+03 -0.26653E+03
 Top Flux [L/T]      0.24593E+00
 Bot Flux [L/T]     -0.17879E-01
 WatBalT  [L]        0.23889E+01
 WatBalR  [%]              0.136
----------------------------------------------------------
 
----------------------------------------------------------
 Time       [T]     4602.0000
----------------------------------------------------------
 Sub-region num.                     1
----------------------------------------------------------
 Length   [L]        0.80000E+03  0.19800E+03
 W-volume [L]        0.19177E+03  0.58747E+02
 In-flow  [L/T]     -0.38933E+00 -0.40348E+00
 h Mean   [L]       -0.18408E+03 -0.11886E+03
 Top Flux [L/T]      0.65547E-01
 Bot Flux [L/T]     -0.29544E-01
 WatBalT  [L]        0.32815E+01
 WatBalR  [%]              0.154
----------------------------------------------------------
 
----------------------------------------------------------
 Time       [T]     5369.0000
----------------------------------------------------------
 Sub-region num.                     1
----------------------------------------------------------
 Length   [L]        0.80000E+03  0.19800E+03
 W-volume [L]        0.19730E+03  0.59614E+02
 In-flow  [L/T]     -0.15985E+00 -0.16548E+00
 h Mean   [L]       -0.16091E+03 -0.12232E+03
 Top Flux [L/T]     -0.13145E-01
 Bot Flux [L/T]     -0.29726E-01
 WatBalT  [L]        0.40611E+01
 WatBalR  [%]              0.165
----------------------------------------------------------
 
----------------------------------------------------------
 Time       [T]     6136.0000
----------------------------------------------------------
 Sub-region num.                     1
----------------------------------------------------------
 Length   [L]        0.80000E+03  0.19800E+03
 W-volume [L]        0.18373E+03  0.43517E+02
 In-flow  [L/T]     -0.10165E+00 -0.65462E-01
 h Mean   [L]       -0.10377E+04 -0.36817E+04
 Top Flux [L/T]      0.43533E-01
 Bot Flux [L/T]     -0.51660E-01
 WatBalT  [L]        0.45780E+01
 WatBalR  [%]              0.164
----------------------------------------------------------
 
----------------------------------------------------------
 Time       [T]     6903.0000
----------------------------------------------------------
 Sub-region num.                     1
----------------------------------------------------------
 Length   [L]        0.80000E+03  0.19800E+03
 W-volume [L]        0.19636E+03  0.57184E+02
 In-flow  [L/T]     -0.11215E+00 -0.55866E-01
 h Mean   [L]       -0.17329E+03 -0.16938E+03
 Top Flux [L/T]      0.26775E-01
 Bot Flux [L/T]     -0.70103E-01
 WatBalT  [L]        0.52393E+01
 WatBalR  [%]              0.167
----------------------------------------------------------
 
----------------------------------------------------------
 Time       [T]     7670.0000
----------------------------------------------------------
 Sub-region num.                     1
----------------------------------------------------------
 Length   [L]        0.80000E+03  0.19800E+03
 W-volume [L]        0.18966E+03  0.52678E+02
 In-flow  [L/T]     -0.79335E-01 -0.26439E-01
 h Mean   [L]       -0.19835E+03 -0.22881E+03
 Top Flux [L/T]      0.12454E-01
 Bot Flux [L/T]     -0.60404E-01
 WatBalT  [L]        0.58419E+01
 WatBalR  [%]              0.166
----------------------------------------------------------
 
 Calculation time [sec]   22.680000     
